bsp=/local/int/weikun.yan/code/Punisher_ROW_BSP_0227
qcom=/local/int/weikun.yan/code/Qcom_baseline_r1.0_r00015
FIXME=/local/int/weikun.yan/code/Punisher_ROW_BSP_0227/build/blueprint/pathtools/testdata/dangling/dangling
FIXME=/local/int/weikun.yan/code/Punisher_ROW_BSP_0227/device/qcom/kernelscripts/build.config
FIXME=/local/int/weikun.yan/code/Punisher_ROW_BSP_0227/device/qcom/kernelscripts/build-tools/path/linux-x86/pwd
FIXME=/local/int/weikun.yan/code/Punisher_ROW_BSP_0227/device/qcom/kernelscripts/build-tools/path/linux-x86/flex
FIXME=/local/int/weikun.yan/code/Punisher_ROW_BSP_0227/device/qcom/kernelscripts/build-tools/path/linux-x86/realpath
FIXME=/local/int/weikun.yan/code/Punisher_ROW_BSP_0227/device/qcom/kernelscripts/build-tools/path/linux-x86/stat
FIXME=/local/int/weikun.yan/code/Punisher_ROW_BSP_0227/device/qcom/kernelscripts/build-tools/path/linux-x86/du
FIXME=/local/int/weikun.yan/code/Punisher_ROW_BSP_0227/device/qcom/kernelscripts/build-tools/path/linux-x86/mktemp
FIXME=/local/int/weikun.yan/code/Punisher_ROW_BSP_0227/device/qcom/kernelscripts/build-tools/path/linux-x86/od
FIXME=/local/int/weikun.yan/code/Punisher_ROW_BSP_0227/device/qcom/kernelscripts/build-tools/path/linux-x86/mkdir
FIXME=/local/int/weikun.yan/code/Punisher_ROW_BSP_0227/device/qcom/kernelscripts/build-tools/path/linux-x86/hostname
FIXME=/local/int/weikun.yan/code/Punisher_ROW_BSP_0227/device/qcom/kernelscripts/build-tools/path/linux-x86/timeout
FIXME=/local/int/weikun.yan/code/Punisher_ROW_BSP_0227/device/qcom/kernelscripts/build-tools/path/linux-x86/ps
FIXME=/local/int/weikun.yan/code/Punisher_ROW_BSP_0227/device/qcom/kernelscripts/build-tools/path/linux-x86/pgrep
FIXME=/local/int/weikun.yan/code/Punisher_ROW_BSP_0227/device/qcom/kernelscripts/build-tools/path/linux-x86/true
FIXME=/local/int/weikun.yan/code/Punisher_ROW_BSP_0227/device/qcom/kernelscripts/build-tools/path/linux-x86/m4
FIXME=/local/int/weikun.yan/code/Punisher_ROW_BSP_0227/device/qcom/kernelscripts/build-tools/path/linux-x86/date
FIXME=/local/int/weikun.yan/code/Punisher_ROW_BSP_0227/device/qcom/kernelscripts/build-tools/path/linux-x86/paste
FIXME=/local/int/weikun.yan/code/Punisher_ROW_BSP_0227/device/qcom/kernelscripts/build-tools/path/linux-x86/rm
FIXME=/local/int/weikun.yan/code/Punisher_ROW_BSP_0227/device/qcom/kernelscripts/build-tools/path/linux-x86/xargs
FIXME=/local/int/weikun.yan/code/Punisher_ROW_BSP_0227/device/qcom/kernelscripts/build-tools/path/linux-x86/python
FIXME=/local/int/weikun.yan/code/Punisher_ROW_BSP_0227/device/qcom/kernelscripts/build-tools/path/linux-x86/mv
FIXME=/local/int/weikun.yan/code/Punisher_ROW_BSP_0227/device/qcom/kernelscripts/build-tools/path/linux-x86/cmp
FIXME=/local/int/weikun.yan/code/Punisher_ROW_BSP_0227/device/qcom/kernelscripts/build-tools/path/linux-x86/readlink
FIXME=/local/int/weikun.yan/code/Punisher_ROW_BSP_0227/device/qcom/kernelscripts/build-tools/path/linux-x86/env
FIXME=/local/int/weikun.yan/code/Punisher_ROW_BSP_0227/device/qcom/kernelscripts/build-tools/path/linux-x86/xzcat
FIXME=/local/int/weikun.yan/code/Punisher_ROW_BSP_0227/device/qcom/kernelscripts/build-tools/path/linux-x86/echo
FIXME=/local/int/weikun.yan/code/Punisher_ROW_BSP_0227/device/qcom/kernelscripts/build-tools/path/linux-x86/cut
FIXME=/local/int/weikun.yan/code/Punisher_ROW_BSP_0227/device/qcom/kernelscripts/build-tools/path/linux-x86/cat
FIXME=/local/int/weikun.yan/code/Punisher_ROW_BSP_0227/device/qcom/kernelscripts/build-tools/path/linux-x86/uniq
FIXME=/local/int/weikun.yan/code/Punisher_ROW_BSP_0227/device/qcom/kernelscripts/build-tools/path/linux-x86/dirname
FIXME=/local/int/weikun.yan/code/Punisher_ROW_BSP_0227/device/qcom/kernelscripts/build-tools/path/linux-x86/sha512sum
FIXME=/local/int/weikun.yan/code/Punisher_ROW_BSP_0227/device/qcom/kernelscripts/build-tools/path/linux-x86/expr
FIXME=/local/int/weikun.yan/code/Punisher_ROW_BSP_0227/device/qcom/kernelscripts/build-tools/path/linux-x86/tail
FIXME=/local/int/weikun.yan/code/Punisher_ROW_BSP_0227/device/qcom/kernelscripts/build-tools/path/linux-x86/uname
FIXME=/local/int/weikun.yan/code/Punisher_ROW_BSP_0227/device/qcom/kernelscripts/build-tools/path/linux-x86/basename
FIXME=/local/int/weikun.yan/code/Punisher_ROW_BSP_0227/device/qcom/kernelscripts/build-tools/path/linux-x86/sha1sum
FIXME=/local/int/weikun.yan/code/Punisher_ROW_BSP_0227/device/qcom/kernelscripts/build-tools/path/linux-x86/grep
FIXME=/local/int/weikun.yan/code/Punisher_ROW_BSP_0227/device/qcom/kernelscripts/build-tools/path/linux-x86/rmdir
FIXME=/local/int/weikun.yan/code/Punisher_ROW_BSP_0227/device/qcom/kernelscripts/build-tools/path/linux-x86/nproc
FIXME=/local/int/weikun.yan/code/Punisher_ROW_BSP_0227/device/qcom/kernelscripts/build-tools/path/linux-x86/id
FIXME=/local/int/weikun.yan/code/Punisher_ROW_BSP_0227/device/qcom/kernelscripts/build-tools/path/linux-x86/touch
FIXME=/local/int/weikun.yan/code/Punisher_ROW_BSP_0227/device/qcom/kernelscripts/build-tools/path/linux-x86/getconf
FIXME=/local/int/weikun.yan/code/Punisher_ROW_BSP_0227/device/qcom/kernelscripts/build-tools/path/linux-x86/python2.7
FIXME=/local/int/weikun.yan/code/Punisher_ROW_BSP_0227/device/qcom/kernelscripts/build-tools/path/linux-x86/sort
FIXME=/local/int/weikun.yan/code/Punisher_ROW_BSP_0227/device/qcom/kernelscripts/build-tools/path/linux-x86/cp
FIXME=/local/int/weikun.yan/code/Punisher_ROW_BSP_0227/device/qcom/kernelscripts/build-tools/path/linux-x86/bc
FIXME=/local/int/weikun.yan/code/Punisher_ROW_BSP_0227/device/qcom/kernelscripts/build-tools/path/linux-x86/comm
FIXME=/local/int/weikun.yan/code/Punisher_ROW_BSP_0227/device/qcom/kernelscripts/build-tools/path/linux-x86/tee
FIXME=/local/int/weikun.yan/code/Punisher_ROW_BSP_0227/device/qcom/kernelscripts/build-tools/path/linux-x86/head
FIXME=/local/int/weikun.yan/code/Punisher_ROW_BSP_0227/device/qcom/kernelscripts/build-tools/path/linux-x86/find
FIXME=/local/int/weikun.yan/code/Punisher_ROW_BSP_0227/device/qcom/kernelscripts/build-tools/path/linux-x86/awk
FIXME=/local/int/weikun.yan/code/Punisher_ROW_BSP_0227/device/qcom/kernelscripts/build-tools/path/linux-x86/sed
FIXME=/local/int/weikun.yan/code/Punisher_ROW_BSP_0227/device/qcom/kernelscripts/build-tools/path/linux-x86/diff
FIXME=/local/int/weikun.yan/code/Punisher_ROW_BSP_0227/device/qcom/kernelscripts/build-tools/path/linux-x86/sha256sum
FIXME=/local/int/weikun.yan/code/Punisher_ROW_BSP_0227/device/qcom/kernelscripts/build-tools/path/linux-x86/whoami
FIXME=/local/int/weikun.yan/code/Punisher_ROW_BSP_0227/device/qcom/kernelscripts/build-tools/path/linux-x86/wc
FIXME=/local/int/weikun.yan/code/Punisher_ROW_BSP_0227/device/qcom/kernelscripts/build-tools/path/linux-x86/ls
FIXME=/local/int/weikun.yan/code/Punisher_ROW_BSP_0227/device/qcom/kernelscripts/build-tools/path/linux-x86/unix2dos
FIXME=/local/int/weikun.yan/code/Punisher_ROW_BSP_0227/device/qcom/kernelscripts/build-tools/path/linux-x86/sleep
FIXME=/local/int/weikun.yan/code/Punisher_ROW_BSP_0227/device/qcom/kernelscripts/build-tools/path/linux-x86/xxd
FIXME=/local/int/weikun.yan/code/Punisher_ROW_BSP_0227/device/qcom/kernelscripts/build-tools/path/linux-x86/make
FIXME=/local/int/weikun.yan/code/Punisher_ROW_BSP_0227/device/qcom/kernelscripts/build-tools/path/linux-x86/bzcat
FIXME=/local/int/weikun.yan/code/Punisher_ROW_BSP_0227/device/qcom/kernelscripts/build-tools/path/linux-x86/chmod
FIXME=/local/int/weikun.yan/code/Punisher_ROW_BSP_0227/device/qcom/kernelscripts/build-tools/path/linux-x86/pkill
FIXME=/local/int/weikun.yan/code/Punisher_ROW_BSP_0227/device/qcom/kernelscripts/build-tools/path/linux-x86/python2
FIXME=/local/int/weikun.yan/code/Punisher_ROW_BSP_0227/device/qcom/kernelscripts/build-tools/path/linux-x86/ln
FIXME=/local/int/weikun.yan/code/Punisher_ROW_BSP_0227/device/qcom/kernelscripts/build-tools/path/linux-x86/setsid
FIXME=/local/int/weikun.yan/code/Punisher_ROW_BSP_0227/device/qcom/kernelscripts/build-tools/path/linux-x86/md5sum
FIXME=/local/int/weikun.yan/code/Punisher_ROW_BSP_0227/device/qcom/kernelscripts/build-tools/path/linux-x86/which
FIXME=/local/int/weikun.yan/code/Punisher_ROW_BSP_0227/device/qcom/kernelscripts/build-tools/path/linux-x86/seq
FIXME=/local/int/weikun.yan/code/Punisher_ROW_BSP_0227/kernel/msm-5.4/Documentation/devicetree/bindings
FIXME=/local/int/weikun.yan/code/Punisher_ROW_BSP_0227/kernel/msm-5.4/arch/arm/boot/dts/vendor
/build/soong/ui/build/finder.go
FIXME=/local/int/weikun.yan/code/Qcom_baseline_r1.0_r00015/build/blueprint/pathtools/testdata/dangling/dangling
/build/make/tools/buildinfo.sh
/build/make/core/tasks/vendor_module_check.mk
FIXME=/local/int/weikun.yan/code/Qcom_baseline_r1.0_r00015/device/qcom/kernelscripts/build.config
FIXME=/local/int/weikun.yan/code/Qcom_baseline_r1.0_r00015/device/qcom/kernelscripts/build-tools/path/linux-x86/pwd
FIXME=/local/int/weikun.yan/code/Qcom_baseline_r1.0_r00015/device/qcom/kernelscripts/build-tools/path/linux-x86/flex
FIXME=/local/int/weikun.yan/code/Qcom_baseline_r1.0_r00015/device/qcom/kernelscripts/build-tools/path/linux-x86/realpath
FIXME=/local/int/weikun.yan/code/Qcom_baseline_r1.0_r00015/device/qcom/kernelscripts/build-tools/path/linux-x86/stat
FIXME=/local/int/weikun.yan/code/Qcom_baseline_r1.0_r00015/device/qcom/kernelscripts/build-tools/path/linux-x86/du
FIXME=/local/int/weikun.yan/code/Qcom_baseline_r1.0_r00015/device/qcom/kernelscripts/build-tools/path/linux-x86/mktemp
FIXME=/local/int/weikun.yan/code/Qcom_baseline_r1.0_r00015/device/qcom/kernelscripts/build-tools/path/linux-x86/od
FIXME=/local/int/weikun.yan/code/Qcom_baseline_r1.0_r00015/device/qcom/kernelscripts/build-tools/path/linux-x86/mkdir
FIXME=/local/int/weikun.yan/code/Qcom_baseline_r1.0_r00015/device/qcom/kernelscripts/build-tools/path/linux-x86/hostname
FIXME=/local/int/weikun.yan/code/Qcom_baseline_r1.0_r00015/device/qcom/kernelscripts/build-tools/path/linux-x86/timeout
FIXME=/local/int/weikun.yan/code/Qcom_baseline_r1.0_r00015/device/qcom/kernelscripts/build-tools/path/linux-x86/ps
FIXME=/local/int/weikun.yan/code/Qcom_baseline_r1.0_r00015/device/qcom/kernelscripts/build-tools/path/linux-x86/pgrep
FIXME=/local/int/weikun.yan/code/Qcom_baseline_r1.0_r00015/device/qcom/kernelscripts/build-tools/path/linux-x86/true
FIXME=/local/int/weikun.yan/code/Qcom_baseline_r1.0_r00015/device/qcom/kernelscripts/build-tools/path/linux-x86/m4
FIXME=/local/int/weikun.yan/code/Qcom_baseline_r1.0_r00015/device/qcom/kernelscripts/build-tools/path/linux-x86/date
FIXME=/local/int/weikun.yan/code/Qcom_baseline_r1.0_r00015/device/qcom/kernelscripts/build-tools/path/linux-x86/paste
FIXME=/local/int/weikun.yan/code/Qcom_baseline_r1.0_r00015/device/qcom/kernelscripts/build-tools/path/linux-x86/rm
FIXME=/local/int/weikun.yan/code/Qcom_baseline_r1.0_r00015/device/qcom/kernelscripts/build-tools/path/linux-x86/xargs
FIXME=/local/int/weikun.yan/code/Qcom_baseline_r1.0_r00015/device/qcom/kernelscripts/build-tools/path/linux-x86/python
FIXME=/local/int/weikun.yan/code/Qcom_baseline_r1.0_r00015/device/qcom/kernelscripts/build-tools/path/linux-x86/mv
FIXME=/local/int/weikun.yan/code/Qcom_baseline_r1.0_r00015/device/qcom/kernelscripts/build-tools/path/linux-x86/cmp
FIXME=/local/int/weikun.yan/code/Qcom_baseline_r1.0_r00015/device/qcom/kernelscripts/build-tools/path/linux-x86/readlink
FIXME=/local/int/weikun.yan/code/Qcom_baseline_r1.0_r00015/device/qcom/kernelscripts/build-tools/path/linux-x86/env
FIXME=/local/int/weikun.yan/code/Qcom_baseline_r1.0_r00015/device/qcom/kernelscripts/build-tools/path/linux-x86/xzcat
FIXME=/local/int/weikun.yan/code/Qcom_baseline_r1.0_r00015/device/qcom/kernelscripts/build-tools/path/linux-x86/echo
FIXME=/local/int/weikun.yan/code/Qcom_baseline_r1.0_r00015/device/qcom/kernelscripts/build-tools/path/linux-x86/cut
FIXME=/local/int/weikun.yan/code/Qcom_baseline_r1.0_r00015/device/qcom/kernelscripts/build-tools/path/linux-x86/cat
FIXME=/local/int/weikun.yan/code/Qcom_baseline_r1.0_r00015/device/qcom/kernelscripts/build-tools/path/linux-x86/uniq
FIXME=/local/int/weikun.yan/code/Qcom_baseline_r1.0_r00015/device/qcom/kernelscripts/build-tools/path/linux-x86/dirname
FIXME=/local/int/weikun.yan/code/Qcom_baseline_r1.0_r00015/device/qcom/kernelscripts/build-tools/path/linux-x86/sha512sum
FIXME=/local/int/weikun.yan/code/Qcom_baseline_r1.0_r00015/device/qcom/kernelscripts/build-tools/path/linux-x86/expr
FIXME=/local/int/weikun.yan/code/Qcom_baseline_r1.0_r00015/device/qcom/kernelscripts/build-tools/path/linux-x86/tail
FIXME=/local/int/weikun.yan/code/Qcom_baseline_r1.0_r00015/device/qcom/kernelscripts/build-tools/path/linux-x86/uname
FIXME=/local/int/weikun.yan/code/Qcom_baseline_r1.0_r00015/device/qcom/kernelscripts/build-tools/path/linux-x86/basename
FIXME=/local/int/weikun.yan/code/Qcom_baseline_r1.0_r00015/device/qcom/kernelscripts/build-tools/path/linux-x86/sha1sum
FIXME=/local/int/weikun.yan/code/Qcom_baseline_r1.0_r00015/device/qcom/kernelscripts/build-tools/path/linux-x86/grep
FIXME=/local/int/weikun.yan/code/Qcom_baseline_r1.0_r00015/device/qcom/kernelscripts/build-tools/path/linux-x86/rmdir
FIXME=/local/int/weikun.yan/code/Qcom_baseline_r1.0_r00015/device/qcom/kernelscripts/build-tools/path/linux-x86/nproc
FIXME=/local/int/weikun.yan/code/Qcom_baseline_r1.0_r00015/device/qcom/kernelscripts/build-tools/path/linux-x86/id
FIXME=/local/int/weikun.yan/code/Qcom_baseline_r1.0_r00015/device/qcom/kernelscripts/build-tools/path/linux-x86/touch
FIXME=/local/int/weikun.yan/code/Qcom_baseline_r1.0_r00015/device/qcom/kernelscripts/build-tools/path/linux-x86/getconf
FIXME=/local/int/weikun.yan/code/Qcom_baseline_r1.0_r00015/device/qcom/kernelscripts/build-tools/path/linux-x86/python2.7
FIXME=/local/int/weikun.yan/code/Qcom_baseline_r1.0_r00015/device/qcom/kernelscripts/build-tools/path/linux-x86/sort
FIXME=/local/int/weikun.yan/code/Qcom_baseline_r1.0_r00015/device/qcom/kernelscripts/build-tools/path/linux-x86/cp
FIXME=/local/int/weikun.yan/code/Qcom_baseline_r1.0_r00015/device/qcom/kernelscripts/build-tools/path/linux-x86/bc
FIXME=/local/int/weikun.yan/code/Qcom_baseline_r1.0_r00015/device/qcom/kernelscripts/build-tools/path/linux-x86/comm
FIXME=/local/int/weikun.yan/code/Qcom_baseline_r1.0_r00015/device/qcom/kernelscripts/build-tools/path/linux-x86/tee
FIXME=/local/int/weikun.yan/code/Qcom_baseline_r1.0_r00015/device/qcom/kernelscripts/build-tools/path/linux-x86/head
FIXME=/local/int/weikun.yan/code/Qcom_baseline_r1.0_r00015/device/qcom/kernelscripts/build-tools/path/linux-x86/find
FIXME=/local/int/weikun.yan/code/Qcom_baseline_r1.0_r00015/device/qcom/kernelscripts/build-tools/path/linux-x86/awk
FIXME=/local/int/weikun.yan/code/Qcom_baseline_r1.0_r00015/device/qcom/kernelscripts/build-tools/path/linux-x86/sed
FIXME=/local/int/weikun.yan/code/Qcom_baseline_r1.0_r00015/device/qcom/kernelscripts/build-tools/path/linux-x86/diff
FIXME=/local/int/weikun.yan/code/Qcom_baseline_r1.0_r00015/device/qcom/kernelscripts/build-tools/path/linux-x86/sha256sum
FIXME=/local/int/weikun.yan/code/Qcom_baseline_r1.0_r00015/device/qcom/kernelscripts/build-tools/path/linux-x86/whoami
FIXME=/local/int/weikun.yan/code/Qcom_baseline_r1.0_r00015/device/qcom/kernelscripts/build-tools/path/linux-x86/wc
FIXME=/local/int/weikun.yan/code/Qcom_baseline_r1.0_r00015/device/qcom/kernelscripts/build-tools/path/linux-x86/ls
FIXME=/local/int/weikun.yan/code/Qcom_baseline_r1.0_r00015/device/qcom/kernelscripts/build-tools/path/linux-x86/unix2dos
FIXME=/local/int/weikun.yan/code/Qcom_baseline_r1.0_r00015/device/qcom/kernelscripts/build-tools/path/linux-x86/sleep
FIXME=/local/int/weikun.yan/code/Qcom_baseline_r1.0_r00015/device/qcom/kernelscripts/build-tools/path/linux-x86/xxd
FIXME=/local/int/weikun.yan/code/Qcom_baseline_r1.0_r00015/device/qcom/kernelscripts/build-tools/path/linux-x86/make
FIXME=/local/int/weikun.yan/code/Qcom_baseline_r1.0_r00015/device/qcom/kernelscripts/build-tools/path/linux-x86/bzcat
FIXME=/local/int/weikun.yan/code/Qcom_baseline_r1.0_r00015/device/qcom/kernelscripts/build-tools/path/linux-x86/chmod
FIXME=/local/int/weikun.yan/code/Qcom_baseline_r1.0_r00015/device/qcom/kernelscripts/build-tools/path/linux-x86/pkill
FIXME=/local/int/weikun.yan/code/Qcom_baseline_r1.0_r00015/device/qcom/kernelscripts/build-tools/path/linux-x86/python2
FIXME=/local/int/weikun.yan/code/Qcom_baseline_r1.0_r00015/device/qcom/kernelscripts/build-tools/path/linux-x86/ln
FIXME=/local/int/weikun.yan/code/Qcom_baseline_r1.0_r00015/device/qcom/kernelscripts/build-tools/path/linux-x86/setsid
FIXME=/local/int/weikun.yan/code/Qcom_baseline_r1.0_r00015/device/qcom/kernelscripts/build-tools/path/linux-x86/md5sum
FIXME=/local/int/weikun.yan/code/Qcom_baseline_r1.0_r00015/device/qcom/kernelscripts/build-tools/path/linux-x86/which
FIXME=/local/int/weikun.yan/code/Qcom_baseline_r1.0_r00015/device/qcom/kernelscripts/build-tools/path/linux-x86/seq
/device/qcom/kernelscripts/kernel_definitions.mk
/device/qcom/sepolicy_vndr/generic/vendor/common/file_contexts
/device/qcom/sepolicy/qva/private/service_contexts
/device/qcom/qssi/gpio-keys.kl
/device/qcom/qssi/qssi.mk
/device/qcom/common/rootdir/etc/ueventd.qcom.rc
/kernel/msm-5.4/drivers/nfc/Kconfig
/kernel/msm-5.4/drivers/nfc/Makefile
/kernel/msm-5.4/drivers/input/touchscreen/Kconfig
/kernel/msm-5.4/drivers/input/touchscreen/focaltech_touch/focaltech_gesture.c
/kernel/msm-5.4/drivers/input/touchscreen/focaltech_touch/focaltech_ex_fun.c
/kernel/msm-5.4/drivers/input/touchscreen/focaltech_touch/focaltech_core.h
/kernel/msm-5.4/drivers/input/touchscreen/focaltech_touch/Kconfig
/kernel/msm-5.4/drivers/input/touchscreen/focaltech_touch/focaltech_ex_mode.c
/kernel/msm-5.4/drivers/input/touchscreen/focaltech_touch/focaltech_flash.h
/kernel/msm-5.4/drivers/input/touchscreen/focaltech_touch/focaltech_flash.c
/kernel/msm-5.4/drivers/input/touchscreen/focaltech_touch/focaltech_config.h
/kernel/msm-5.4/drivers/input/touchscreen/focaltech_touch/focaltech_esdcheck.c
/kernel/msm-5.4/drivers/input/touchscreen/focaltech_touch/Makefile
/kernel/msm-5.4/drivers/input/touchscreen/focaltech_touch/focaltech_core.c
/kernel/msm-5.4/drivers/input/touchscreen/focaltech_touch/focaltech_point_report_check.c
/kernel/msm-5.4/drivers/input/touchscreen/focaltech_touch/focaltech_common.h
/kernel/msm-5.4/drivers/input/touchscreen/Makefile
/kernel/msm-5.4/drivers/input/misc/Kconfig
/kernel/msm-5.4/drivers/input/misc/qpnp-power-on.c
/kernel/msm-5.4/drivers/input/misc/Makefile
/kernel/msm-5.4/drivers/power/supply/qcom/smb5-lib.c
/kernel/msm-5.4/drivers/power/supply/qcom/smb5-reg.h
/kernel/msm-5.4/drivers/power/supply/qcom/fg-alg.c
/kernel/msm-5.4/drivers/power/supply/qcom/qpnp-smb5.c
/kernel/msm-5.4/drivers/power/supply/qcom/qpnp-qg.c
/kernel/msm-5.4/drivers/pinctrl/qcom/pinctrl-holi.c
/kernel/msm-5.4/drivers/Makefile
/kernel/msm-5.4/drivers/spi/spidev.c
/kernel/msm-5.4/drivers/spi/Makefile
/kernel/msm-5.4/.gitignore
/kernel/msm-5.4/techpack/audio/config/holiautoconf.h
/kernel/msm-5.4/techpack/audio/config/holiauto.conf
/kernel/msm-5.4/techpack/audio/asoc/msm_holi_dailink.h
/kernel/msm-5.4/techpack/audio/asoc/codecs/Kbuild
/kernel/msm-5.4/techpack/audio/asoc/msm-pcm-routing-v2.c
/kernel/msm-5.4/techpack/audio/asoc/holi.c
/kernel/msm-5.4/techpack/display/msm/dsi/dsi_panel.c
/kernel/msm-5.4/techpack/camera/drivers/cam_sensor_module/cam_sensor/cam_sensor_core.c
FIXME=/local/int/weikun.yan/code/Qcom_baseline_r1.0_r00015/kernel/msm-5.4/Documentation/devicetree/bindings
/kernel/msm-5.4/arch/Kconfig
/kernel/msm-5.4/arch/arm64/Kconfig
FIXME=/local/int/weikun.yan/code/Qcom_baseline_r1.0_r00015/kernel/msm-5.4/arch/arm/boot/dts/vendor
/kernel/msm-5.4/scripts/gki/generate_defconfig.sh
/kernel/msm-5.4/include/dt-bindings/input/linux-event-codes.h
/kernel/msm-5.4/include/uapi/linux/input-event-codes.h
BSP added=/device/nokia/punisher/default/fstab_non_AB.qcom
BSP added=/device/nokia/punisher/default/fstab.qcom
BSP added=/device/nokia/punisher/foursemi_firmware/fs1603s.fsm
BSP added=/device/nokia/punisher/system.prop
BSP added=/device/nokia/punisher/framework_manifest.xml
BSP added=/device/nokia/punisher/init.target.rc
BSP added=/device/nokia/punisher/NOTICE
BSP added=/device/nokia/punisher/manifest.xml
BSP added=/device/nokia/punisher/public.libraries-qti.txt
BSP added=/device/nokia/punisher/touch_firmware/FT8006SAA_V0x01_L0x01_20201109_app.bin
BSP added=/device/nokia/punisher/Android.mk
BSP added=/device/nokia/punisher/manifest_ab.xml
BSP added=/device/nokia/punisher/recovery.fstab
BSP added=/device/nokia/punisher/radio/filesmap
BSP added=/device/nokia/punisher/punisher.mk
BSP added=/device/nokia/punisher/recovery_non_AB.fstab
BSP added=/device/nokia/punisher/emmc/fstab_non_AB.qcom
BSP added=/device/nokia/punisher/emmc/fstab.qcom
BSP added=/device/nokia/punisher/task_profiles.json
BSP added=/device/nokia/punisher/sepolicy/seapp_contexts
BSP added=/device/nokia/punisher/sepolicy/property.te
BSP added=/device/nokia/punisher/sepolicy/vendor_ftm_app.te
BSP added=/device/nokia/punisher/sepolicy/property_contexts
BSP added=/device/nokia/punisher/sepolicy/genfs_contexts
BSP added=/device/nokia/punisher/sepolicy/file_contexts
BSP added=/device/nokia/punisher/sar_firmware/AbovCapSesne.BIN
BSP added=/device/nokia/punisher/AndroidProducts.mk
BSP added=/device/nokia/punisher/AndroidBoard.mk
BSP added=/device/nokia/punisher/charger_fstab.qti
BSP added=/device/nokia/punisher/BoardConfig.mk
BSP added=/kernel/msm-5.4/drivers/nfc/st21nfc/Kconfig
BSP added=/kernel/msm-5.4/drivers/nfc/st21nfc/st21nfc.h
BSP added=/kernel/msm-5.4/drivers/nfc/st21nfc/st21nfc.c
BSP added=/kernel/msm-5.4/drivers/nfc/st21nfc/Makefile
BSP added=/kernel/msm-5.4/drivers/input/touchscreen/focaltech_touch/firmware/config.mk
BSP added=/kernel/msm-5.4/drivers/input/touchscreen/focaltech_touch/include/firmware/fw_sample.i
BSP added=/kernel/msm-5.4/drivers/input/touchscreen/focaltech_touch/focaltech_spi.c
BSP added=/kernel/msm-5.4/drivers/input/touchscreen/focaltech_punisher/focaltech_gesture.c
BSP added=/kernel/msm-5.4/drivers/input/touchscreen/focaltech_punisher/focaltech_ex_fun.c
BSP added=/kernel/msm-5.4/drivers/input/touchscreen/focaltech_punisher/focaltech_core.h
BSP added=/kernel/msm-5.4/drivers/input/touchscreen/focaltech_punisher/Kconfig
BSP added=/kernel/msm-5.4/drivers/input/touchscreen/focaltech_punisher/focaltech_flash/focaltech_upgrade_ft3518.c
BSP added=/kernel/msm-5.4/drivers/input/touchscreen/focaltech_punisher/focaltech_flash/Makefile
BSP added=/kernel/msm-5.4/drivers/input/touchscreen/focaltech_punisher/focaltech_i2c.c
BSP added=/kernel/msm-5.4/drivers/input/touchscreen/focaltech_punisher/focaltech_ex_mode.c
BSP added=/kernel/msm-5.4/drivers/input/touchscreen/focaltech_punisher/focaltech_flash.h
BSP added=/kernel/msm-5.4/drivers/input/touchscreen/focaltech_punisher/focaltech_flash.c
BSP added=/kernel/msm-5.4/drivers/input/touchscreen/focaltech_punisher/firmware/config.mk
BSP added=/kernel/msm-5.4/drivers/input/touchscreen/focaltech_punisher/focaltech_config.h
BSP added=/kernel/msm-5.4/drivers/input/touchscreen/focaltech_punisher/focaltech_esdcheck.c
BSP added=/kernel/msm-5.4/drivers/input/touchscreen/focaltech_punisher/Makefile
BSP added=/kernel/msm-5.4/drivers/input/touchscreen/focaltech_punisher/focaltech_core.c
BSP added=/kernel/msm-5.4/drivers/input/touchscreen/focaltech_punisher/include/firmware/fw_sample.i
BSP added=/kernel/msm-5.4/drivers/input/touchscreen/focaltech_punisher/focaltech_spi.c
BSP added=/kernel/msm-5.4/drivers/input/touchscreen/focaltech_punisher/focaltech_point_report_check.c
BSP added=/kernel/msm-5.4/drivers/input/touchscreen/focaltech_punisher/focaltech_common.h
BSP added=/kernel/msm-5.4/drivers/input/misc/abov_sar.c
BSP added=/kernel/msm-5.4/drivers/build.log
BSP added=/kernel/msm-5.4/drivers/silead/silead_fp.h
BSP added=/kernel/msm-5.4/drivers/silead/Kconfig
BSP added=/kernel/msm-5.4/drivers/silead/silead_fp_stub.h
BSP added=/kernel/msm-5.4/drivers/silead/silead_fp_qcom.h
BSP added=/kernel/msm-5.4/drivers/silead/silead_fp_platform.c
BSP added=/kernel/msm-5.4/drivers/silead/silead_fp_stub.c
BSP added=/kernel/msm-5.4/drivers/silead/silead_fp_qcom.c
BSP added=/kernel/msm-5.4/drivers/silead/Makefile
BSP added=/kernel/msm-5.4/techpack/audio/asoc/codecs/foursemi/fsm_codec.c
BSP added=/kernel/msm-5.4/techpack/audio/asoc/codecs/foursemi/fsm_class.c
BSP added=/kernel/msm-5.4/techpack/audio/asoc/codecs/foursemi/fsm_misc.c
BSP added=/kernel/msm-5.4/techpack/audio/asoc/codecs/foursemi/Kbuild
BSP added=/kernel/msm-5.4/techpack/audio/asoc/codecs/foursemi/fsm_firmware.c
BSP added=/kernel/msm-5.4/techpack/audio/asoc/codecs/foursemi/fsm_reg_bf.h
BSP added=/kernel/msm-5.4/techpack/audio/asoc/codecs/foursemi/fs1603_reg_bf.h
BSP added=/kernel/msm-5.4/techpack/audio/asoc/codecs/foursemi/fs1603.c
BSP added=/kernel/msm-5.4/techpack/audio/asoc/codecs/foursemi/fsm_core.c
BSP added=/kernel/msm-5.4/techpack/audio/asoc/codecs/foursemi/fsm-dev.h
BSP added=/kernel/msm-5.4/techpack/audio/asoc/codecs/foursemi/fsm_i2c.c
BSP added=/kernel/msm-5.4/techpack/audio/asoc/codecs/foursemi/fsm_public.h
BSP added=/kernel/msm-5.4/arch/arm64/configs/vendor/punisher_GKI.config
BSP added=/kernel/msm-5.4/arch/arm64/configs/vendor/punisher_debug.config
BSP added=/kernel/msm-5.4/arch/arm64/configs/vendor/punisher_QGKI.config
BSP added=/kernel/msm-5.4/include/linux/input/abov_sar.h
running time:309.1335828304291
